<?xml version="1.0" encoding="UTF-8"?>
<!-- Generated by org.testng.reporters.JUnitReportReporter -->
<testsuite hostname="DESKTOP-C6M0AOU" failures="0" tests="1" name="TalentozPackage.Applogs" time="68.314" errors="0" timestamp="2021-02-09T19:02:50 IST" skipped="0">
  <testcase classname="TalentozPackage.Applogs" name="testMethod" time="68.314"/>
  <system-out/>
</testsuite> <!-- TalentozPackage.Applogs -->
